TN:
SF:src/lib/server/audit.ts
FN:36,audit
FNF:1
FNH:1
FNDA:356,audit
DA:40,356
DA:50,356
DA:51,1
LF:3
LH:3
BRDA:44,0,0,356
BRDA:44,0,1,11
BRDA:45,1,0,356
BRDA:45,1,1,11
BRDA:46,2,0,117
BRDA:46,2,1,239
BRDA:50,3,0,1
BRDA:50,3,1,355
BRF:8
BRH:8
end_of_record
TN:
SF:src/lib/server/auth.ts
FN:28,constructor
FN:51,normalizeEmail
FN:61,checkPasswordStrength
FN:71,assertValidPassword
FN:78,assertValidEmail
FN:100,createUser
FN:138,listSessions
FN:146,(anonymous_7)
FN:160,destroyAllSessions
FNF:9
FNH:9
FNDA:10,constructor
FNDA:11,normalizeEmail
FNDA:13,checkPasswordStrength
FNDA:7,assertValidPassword
FNDA:8,assertValidEmail
FNDA:8,createUser
FNDA:5,listSessions
FNDA:2,(anonymous_7)
FNDA:5,destroyAllSessions
DA:16,1
DA:29,10
DA:32,10
DA:52,11
DA:62,13
DA:63,13
DA:64,3
DA:65,13
DA:66,13
DA:67,13
DA:68,13
DA:72,7
DA:73,7
DA:74,1
DA:79,8
DA:80,1
DA:104,8
DA:105,8
DA:106,8
DA:108,8
DA:110,8
DA:111,8
DA:118,6
DA:121,4
DA:122,4
DA:123,2
DA:125,2
DA:128,2
DA:142,5
DA:143,5
DA:144,1
DA:146,4
DA:165,5
DA:166,5
DA:167,1
DA:170,4
DA:171,5
DA:172,6
DA:173,5
DA:174,5
DA:176,1
DA:182,1
LF:42
LH:42
BRDA:63,0,0,3
BRDA:63,0,1,10
BRDA:65,1,0,1
BRDA:65,1,1,12
BRDA:66,2,0,3
BRDA:66,2,1,10
BRDA:67,3,0,3
BRDA:67,3,1,10
BRDA:73,4,0,1
BRDA:73,4,1,6
BRDA:79,5,0,1
BRDA:79,5,1,7
BRDA:108,6,0,8
BRDA:108,6,1,1
BRDA:118,7,0,4
BRDA:118,7,1,2
BRDA:122,8,0,2
BRDA:122,8,1,2
BRDA:122,9,0,4
BRDA:122,9,1,3
BRDA:143,10,0,1
BRDA:143,10,1,4
BRDA:146,11,0,4
BRDA:146,11,1,2
BRDA:166,12,0,1
BRDA:166,12,1,4
BRDA:170,13,0,4
BRDA:170,13,1,1
BRDA:172,14,0,1
BRDA:172,14,1,5
BRDA:172,15,0,6
BRDA:172,15,1,3
BRDA:174,16,0,1
BRDA:174,16,1,4
BRF:34
BRH:34
end_of_record
TN:
SF:src/lib/server/rbac.ts
FN:89,constructor
FN:103,isRole
FN:116,can
FN:130,mayActOn
FN:142,mayGrant
FN:155,requirePermission
FN:170,getMembership
FNF:7
FNH:7
FNDA:36,constructor
FNDA:118,isRole
FNDA:234,can
FNDA:56,mayActOn
FNDA:97,mayGrant
FNDA:144,requirePermission
FNDA:10,getMembership
DA:21,9
DA:37,9
DA:60,9
DA:90,36
DA:93,36
DA:104,118
DA:117,234
DA:120,9
DA:131,56
DA:143,97
DA:156,144
DA:157,21
DA:175,10
DA:183,10
DA:185,5
DA:187,4
LF:16
LH:16
BRDA:156,0,0,21
BRDA:156,0,1,123
BRDA:156,1,0,144
BRDA:156,1,1,141
BRDA:157,2,0,21
BRDA:157,2,1,3
BRDA:183,3,0,5
BRDA:183,3,1,5
BRDA:183,4,0,10
BRDA:183,4,1,5
BRDA:185,5,0,1
BRDA:185,5,1,4
BRF:12
BRH:12
end_of_record
TN:
SF:src/lib/server/billing/adapter.ts
FN:68,constructor
FNF:1
FNH:1
FNDA:48,constructor
DA:69,48
DA:72,48
LF:2
LH:2
BRF:0
BRH:0
end_of_record
TN:
SF:src/lib/server/billing/mock.ts
FN:30,constructor
FN:40,assertSeatAvailable
FN:56,getSeatCount
FN:62,getPlan
FN:74,getSubscriptionState
FN:88,createBillingAdapter
FNF:6
FNH:6
FNDA:59,constructor
FNDA:72,assertSeatAvailable
FNDA:5,getSeatCount
FNDA:17,getPlan
FNDA:59,getSubscriptionState
FNDA:15,createBillingAdapter
DA:16,7
DA:31,59
DA:41,72
DA:42,72
DA:43,9
DA:48,63
DA:49,17
DA:59,5
DA:63,17
DA:75,59
DA:89,15
DA:90,15
DA:91,15
LF:13
LH:13
BRDA:30,0,0,59
BRDA:42,1,0,9
BRDA:42,1,1,63
BRDA:42,2,0,72
BRDA:42,2,1,67
BRDA:48,3,0,17
BRDA:48,3,1,46
BRDA:89,4,0,15
BRDA:89,4,1,4
BRDA:90,5,0,9
BRDA:90,5,1,6
BRDA:90,6,0,15
BRDA:90,6,1,11
BRF:13
BRH:13
end_of_record
TN:
SF:src/lib/server/services/invites.ts
FN:27,constructor
FN:46,sha256
FN:51,(anonymous_2)
FN:67,newInviteToken
FN:96,createInvite
FN:163,listPendingInvites
FN:177,(anonymous_6)
FN:202,revokeInvite
FN:234,peekInvite
FN:277,acceptInvite
FNF:10
FNH:10
FNDA:23,constructor
FNDA:117,sha256
FNDA:3744,(anonymous_2)
FNDA:263,newInviteToken
FNDA:68,createInvite
FNDA:12,listPendingInvites
FNDA:6,(anonymous_6)
FNDA:8,revokeInvite
FNDA:10,peekInvite
FNDA:48,acceptInvite
DA:28,23
DA:32,23
DA:36,6
DA:41,6
DA:47,117
DA:48,117
DA:49,117
DA:50,117
DA:51,3744
DA:68,263
DA:69,263
DA:70,263
DA:107,68
DA:108,68
DA:109,68
DA:110,1
DA:112,62
DA:113,3
DA:119,59
DA:120,68
DA:121,68
DA:122,59
DA:124,59
DA:137,59
DA:138,1
DA:142,58
DA:151,58
DA:164,12
DA:173,12
DA:174,1
DA:177,11
DA:206,8
DA:208,8
DA:218,6
DA:219,3
DA:222,3
DA:244,10
DA:246,10
DA:253,10
DA:254,9
DA:255,7
DA:256,6
DA:258,5
DA:265,5
DA:281,48
DA:283,48
DA:290,48
DA:291,47
DA:292,45
DA:293,1
DA:294,44
DA:295,2
DA:298,42
DA:306,42
DA:307,1
DA:311,41
DA:316,41
DA:317,1
DA:319,40
DA:322,33
DA:334,33
DA:335,1
DA:339,32
DA:345,32
DA:346,1
DA:350,31
DA:357,31
DA:366,31
LF:68
LH:68
BRDA:109,0,0,1
BRDA:109,0,1,67
BRDA:112,1,0,3
BRDA:112,1,1,59
BRDA:119,2,0,59
BRDA:119,2,1,56
BRDA:130,3,0,59
BRDA:130,3,1,57
BRDA:137,4,0,1
BRDA:137,4,1,58
BRDA:173,5,0,1
BRDA:173,5,1,11
BRDA:177,6,0,11
BRDA:177,6,1,0
BRDA:218,7,0,3
BRDA:218,7,1,3
BRDA:218,8,0,6
BRDA:218,8,1,3
BRDA:253,9,0,1
BRDA:253,9,1,9
BRDA:254,10,0,2
BRDA:254,10,1,7
BRDA:255,11,0,1
BRDA:255,11,1,6
BRDA:256,12,0,1
BRDA:256,12,1,5
BRDA:267,13,0,5
BRDA:267,13,1,1
BRDA:290,14,0,1
BRDA:290,14,1,47
BRDA:291,15,0,2
BRDA:291,15,1,45
BRDA:292,16,0,1
BRDA:292,16,1,44
BRDA:294,17,0,2
BRDA:294,17,1,42
BRDA:306,18,0,1
BRDA:306,18,1,41
BRDA:316,19,0,1
BRDA:316,19,1,40
BRDA:319,20,0,40
BRDA:319,20,1,0
BRDA:334,21,0,1
BRDA:334,21,1,32
BRDA:334,22,0,33
BRDA:334,22,1,32
BRDA:345,23,0,1
BRDA:345,23,1,31
BRDA:366,24,0,31
BRDA:366,24,1,1
BRF:50
BRH:48
end_of_record
TN:
SF:src/lib/server/services/members.ts
FN:26,constructor
FN:58,listMembers
FN:76,(anonymous_2)
FN:86,getMembershipRow
FN:98,countOwners
FN:125,setMemberRole
FN:195,removeMember
FN:245,leaveOrg
FN:280,transferOwnership
FNF:9
FNH:9
FNDA:41,constructor
FNDA:33,listMembers
FNDA:78,(anonymous_2)
FNDA:54,getMembershipRow
FNDA:12,countOwners
FNDA:26,setMemberRole
FNDA:19,removeMember
FNDA:11,leaveOrg
FNDA:16,transferOwnership
DA:27,41
DA:31,41
DA:59,33
DA:72,33
DA:73,1
DA:76,78
DA:87,54
DA:95,54
DA:99,12
DA:105,12
DA:135,26
DA:136,26
DA:137,21
DA:138,4
DA:141,17
DA:142,17
DA:143,1
DA:145,16
DA:146,16
DA:147,5
DA:152,11
DA:153,2
DA:159,9
DA:164,9
DA:165,1
DA:168,8
DA:199,19
DA:200,19
DA:201,2
DA:204,15
DA:205,15
DA:206,2
DA:208,13
DA:209,13
DA:210,3
DA:216,10
DA:218,10
DA:219,1
DA:222,9
DA:249,11
DA:250,11
DA:251,2
DA:253,9
DA:254,3
DA:255,3
DA:256,2
DA:260,7
DA:262,7
DA:263,1
DA:266,6
DA:284,16
DA:285,16
DA:286,2
DA:289,11
DA:290,11
DA:291,2
DA:293,9
DA:294,9
DA:295,1
DA:302,8
DA:307,8
DA:308,1
DA:312,7
DA:318,7
DA:320,0
DA:321,0
DA:324,7
LF:67
LH:65
BRDA:72,0,0,1
BRDA:72,0,1,32
BRDA:76,1,0,32
BRDA:76,1,1,0
BRDA:105,2,0,12
BRDA:105,2,1,0
BRDA:136,3,0,1
BRDA:136,3,1,25
BRDA:137,4,0,4
BRDA:137,4,1,17
BRDA:142,5,0,1
BRDA:142,5,1,16
BRDA:146,6,0,5
BRDA:146,6,1,11
BRDA:152,7,0,2
BRDA:152,7,1,9
BRDA:164,8,0,1
BRDA:164,8,1,8
BRDA:200,9,0,2
BRDA:200,9,1,17
BRDA:205,10,0,2
BRDA:205,10,1,13
BRDA:209,11,0,3
BRDA:209,11,1,10
BRDA:218,12,0,1
BRDA:218,12,1,9
BRDA:250,13,0,2
BRDA:250,13,1,9
BRDA:253,14,0,3
BRDA:253,14,1,6
BRDA:255,15,0,2
BRDA:255,15,1,1
BRDA:262,16,0,1
BRDA:262,16,1,6
BRDA:285,17,0,2
BRDA:285,17,1,14
BRDA:290,18,0,2
BRDA:290,18,1,9
BRDA:294,19,0,1
BRDA:294,19,1,8
BRDA:307,20,0,1
BRDA:307,20,1,7
BRDA:318,21,0,0
BRDA:318,21,1,7
BRF:44
BRH:41
end_of_record
TN:
SF:src/lib/server/services/orgs.ts
FN:22,constructor
FN:30,slugify
FN:40,generateSlugSuffix
FN:77,createOrg
FN:135,listOrgsForUser
FN:153,(anonymous_5)
FN:171,getOrgForUser
FN:210,getOrgById
FN:233,getOrgBySlug
FNF:9
FNH:9
FNDA:18,constructor
FNDA:223,slugify
FNDA:223,generateSlugSuffix
FNDA:233,createOrg
FNDA:12,listOrgsForUser
FNDA:12,(anonymous_5)
FNDA:4,getOrgForUser
FNDA:4,getOrgById
FNDA:3,getOrgBySlug
DA:23,18
DA:26,18
DA:31,223
DA:37,223
DA:41,223
DA:42,223
DA:43,223
DA:44,1338
DA:46,223
DA:82,233
DA:83,233
DA:84,10
DA:87,223
DA:89,223
DA:95,223
DA:96,1
DA:98,1
DA:100,0
DA:104,222
DA:110,222
DA:111,1
DA:115,221
DA:123,221
DA:139,12
DA:149,12
DA:150,1
DA:153,12
DA:176,4
DA:189,4
DA:191,3
DA:214,4
DA:221,4
DA:222,3
DA:237,3
DA:244,3
DA:245,2
LF:36
LH:35
BRDA:37,0,0,223
BRDA:37,0,1,1
BRDA:83,1,0,10
BRDA:83,1,1,223
BRDA:83,2,0,233
BRDA:83,2,1,226
BRDA:95,3,0,1
BRDA:95,3,1,222
BRDA:96,4,0,1
BRDA:96,4,1,0
BRDA:110,5,0,1
BRDA:110,5,1,221
BRDA:149,6,0,1
BRDA:149,6,1,11
BRDA:153,7,0,11
BRDA:153,7,1,0
BRDA:189,8,0,1
BRDA:189,8,1,3
BRDA:189,9,0,4
BRDA:189,9,1,3
BRDA:221,10,0,1
BRDA:221,10,1,3
BRDA:221,11,0,4
BRDA:221,11,1,3
BRDA:244,12,0,1
BRDA:244,12,1,2
BRDA:244,13,0,3
BRDA:244,13,1,2
BRF:28
BRH:26
end_of_record
